{
  "RSpec": {
    "coverage": {
      "D:/rails/glodjib/app/controllers/application_controller.rb": [
        1,
        null,
        null,
        1,
        null
      ],
      "D:/rails/glodjib/app/helpers/application_helper.rb": [
        1,
        null,
        1,
        2,
        0,
        0,
        null,
        null,
        null,
        null,
        null,
        0,
        null,
        null
      ],
      "D:/rails/glodjib/app/helpers/flickr_images_helper.rb": [
        1,
        null
      ],
      "D:/rails/glodjib/app/helpers/posts_helper.rb": [
        1,
        null
      ],
      "D:/rails/glodjib/app/controllers/flickr_images_controller.rb": [
        1,
        1,
        1,
        1,
        1,
        1,
        4,
        4,
        null,
        null,
        null,
        1,
        null,
        null
      ],
      "D:/rails/glodjib/app/models/flickr_image.rb": [
        1,
        1,
        1,
        null
      ],
      "D:/rails/glodjib/app/controllers/posts_controller.rb": [
        1,
        1,
        1,
        null,
        null,
        1,
        1,
        1,
        0,
        0,
        0,
        null,
        0,
        null,
        null,
        1,
        1,
        null,
        null,
        1,
        1,
        1,
        0,
        0,
        null,
        1,
        1,
        null,
        null,
        null
      ],
      "D:/rails/glodjib/app/models/post.rb": [
        1,
        null,
        1,
        1,
        1,
        1,
        null,
        1,
        39,
        39,
        38,
        36,
        null,
        null,
        null,
        null,
        1,
        8,
        2,
        2,
        null,
        6,
        6,
        null,
        null,
        null,
        1,
        55,
        38,
        null,
        17,
        null,
        null,
        1,
        null,
        1,
        38,
        null,
        null
      ],
      "D:/rails/glodjib/app/models/flickr_api.rb": [
        1,
        null,
        1,
        1,
        1,
        1,
        null,
        1,
        null,
        1,
        5,
        0,
        null,
        null,
        null,
        5,
        5,
        5,
        null,
        null,
        1,
        1,
        1,
        null,
        null,
        1,
        1,
        null,
        null,
        1,
        null,
        1,
        1,
        1,
        null,
        null
      ]
    },
    "timestamp": 1368461450
  },
  "Cucumber Features": {
    "coverage": {
      "D:/rails/glodjib/app/controllers/application_controller.rb": [
        1,
        null,
        null,
        1,
        null
      ],
      "D:/rails/glodjib/app/helpers/application_helper.rb": [
        1,
        null,
        1,
        4,
        0,
        0,
        null,
        null,
        null,
        null,
        null,
        0,
        null,
        null
      ],
      "D:/rails/glodjib/app/helpers/flickr_images_helper.rb": [
        1,
        null
      ],
      "D:/rails/glodjib/app/helpers/posts_helper.rb": [
        1,
        null
      ],
      "D:/rails/glodjib/app/controllers/flickr_images_controller.rb": [
        1,
        1,
        1,
        1,
        1,
        1,
        4,
        4,
        null,
        null,
        null,
        1,
        null,
        null
      ],
      "D:/rails/glodjib/app/models/flickr_image.rb": [
        1,
        1,
        1,
        null
      ],
      "D:/rails/glodjib/app/controllers/posts_controller.rb": [
        1,
        1,
        9,
        null,
        null,
        1,
        1,
        1,
        1,
        0,
        0,
        null,
        1,
        null,
        null,
        1,
        3,
        null,
        null,
        1,
        2,
        2,
        1,
        1,
        null,
        1,
        1,
        null,
        null,
        null
      ],
      "D:/rails/glodjib/app/models/post.rb": [
        1,
        null,
        1,
        1,
        1,
        1,
        null,
        1,
        6,
        6,
        6,
        6,
        null,
        null,
        null,
        null,
        1,
        0,
        0,
        0,
        null,
        0,
        0,
        null,
        null,
        null,
        1,
        22,
        4,
        null,
        18,
        null,
        null,
        1,
        null,
        1,
        6,
        null,
        null
      ],
      "D:/rails/glodjib/app/models/flickr_api.rb": [
        1,
        null,
        1,
        1,
        1,
        1,
        null,
        1,
        null,
        1,
        1,
        0,
        null,
        null,
        null,
        1,
        1,
        1,
        null,
        null,
        1,
        1,
        1,
        null,
        null,
        1,
        0,
        null,
        null,
        1,
        null,
        1,
        1,
        1,
        null,
        null
      ]
    },
    "timestamp": 1368461425
  }
}
